This is pdfTeX, Version 3.1415926-2.3-1.40.12 (MiKTeX 2.9) (preloaded format=pdflatex 2013.9.19)  21 JAN 2015 18:18
entering extended mode
**D:/UCSD/2015-winter/221/project/Projects/CSE221.tex
(D:/UCSD/2015-winter/221/project/Projects/CSE221.tex
LaTeX2e <2011/06/27>
Babel <v3.8m> and hyphenation patterns for loaded.
(D:\UCSD\2015-winter\221\project\Projects\sig-alternate.cls
(D:\OwnApplication_Chunbin\cTex\MiKTeX\tex\latex\graphics\epsfig.sty
Package: epsfig 1999/02/16 v1.7a (e)psfig emulation (SPQR)

(D:\OwnApplication_Chunbin\cTex\MiKTeX\tex\latex\graphics\graphicx.sty
Package: graphicx 1999/02/16 v1.0f Enhanced LaTeX Graphics (DPC,SPQR)

(D:\OwnApplication_Chunbin\cTex\MiKTeX\tex\latex\graphics\keyval.sty
Package: keyval 1999/03/16 v1.13 key=value parser (DPC)
\KV@toks@=\toks14
)
(D:\OwnApplication_Chunbin\cTex\MiKTeX\tex\latex\graphics\graphics.sty
Package: graphics 2009/02/05 v1.0o Standard LaTeX Graphics (DPC,SPQR)

(D:\OwnApplication_Chunbin\cTex\MiKTeX\tex\latex\graphics\trig.sty
Package: trig 1999/03/16 v1.09 sin cos tan (DPC)
)
(D:\OwnApplication_Chunbin\cTex\MiKTeX\tex\latex\00miktex\graphics.cfg
File: graphics.cfg 2007/01/18 v1.5 graphics configuration of teTeX/TeXLive
)
Package graphics Info: Driver file: pdftex.def on input line 91.

(D:\OwnApplication_Chunbin\cTex\MiKTeX\tex\latex\pdftex-def\pdftex.def
File: pdftex.def 2011/05/27 v0.06d Graphics/color for pdfTeX

(D:\OwnApplication_Chunbin\cTex\MiKTeX\tex\generic\oberdiek\infwarerr.sty
Package: infwarerr 2010/04/08 v1.3 Providing info/warning/message (HO)
)
(D:\OwnApplication_Chunbin\cTex\MiKTeX\tex\generic\oberdiek\ltxcmds.sty
Package: ltxcmds 2011/04/18 v1.20 LaTeX kernel commands for general use (HO)
)
\Gread@gobject=\count79
))
\Gin@req@height=\dimen102
\Gin@req@width=\dimen103
)
\epsfxsize=\dimen104
\epsfysize=\dimen105
)
(D:\OwnApplication_Chunbin\cTex\MiKTeX\tex\latex\amsfonts\amssymb.sty
Package: amssymb 2009/06/22 v3.00

(D:\OwnApplication_Chunbin\cTex\MiKTeX\tex\latex\amsfonts\amsfonts.sty
Package: amsfonts 2009/06/22 v3.00 Basic AMSFonts support
\@emptytoks=\toks15
\symAMSa=\mathgroup4
\symAMSb=\mathgroup5
LaTeX Font Info:    Overwriting math alphabet `\mathfrak' in version `bold'
(Font)                  U/euf/m/n --> U/euf/b/n on input line 96.
))
(D:\OwnApplication_Chunbin\cTex\MiKTeX\tex\latex\ams\math\amsmath.sty
Package: amsmath 2000/07/18 v2.13 AMS math features
\@mathmargin=\skip41

For additional information on amsmath, use the `?' option.
(D:\OwnApplication_Chunbin\cTex\MiKTeX\tex\latex\ams\math\amstext.sty
Package: amstext 2000/06/29 v2.01

(D:\OwnApplication_Chunbin\cTex\MiKTeX\tex\latex\ams\math\amsgen.sty
File: amsgen.sty 1999/11/30 v2.0
\@emptytoks=\toks16
\ex@=\dimen106
))
(D:\OwnApplication_Chunbin\cTex\MiKTeX\tex\latex\ams\math\amsbsy.sty
Package: amsbsy 1999/11/29 v1.2d
\pmbraise@=\dimen107
)
(D:\OwnApplication_Chunbin\cTex\MiKTeX\tex\latex\ams\math\amsopn.sty
Package: amsopn 1999/12/14 v2.01 operator names
)
\inf@bad=\count80
LaTeX Info: Redefining \frac on input line 211.
\uproot@=\count81
\leftroot@=\count82
LaTeX Info: Redefining \overline on input line 307.
\classnum@=\count83
\DOTSCASE@=\count84
LaTeX Info: Redefining \ldots on input line 379.
LaTeX Info: Redefining \dots on input line 382.
LaTeX Info: Redefining \cdots on input line 467.
\Mathstrutbox@=\box26
\strutbox@=\box27
\big@size=\dimen108
LaTeX Font Info:    Redeclaring font encoding OML on input line 567.
LaTeX Font Info:    Redeclaring font encoding OMS on input line 568.
\macc@depth=\count85
\c@MaxMatrixCols=\count86
\dotsspace@=\muskip10
\c@parentequation=\count87
\dspbrk@lvl=\count88
\tag@help=\toks17
\row@=\count89
\column@=\count90
\maxfields@=\count91
\andhelp@=\toks18
\eqnshift@=\dimen109
\alignsep@=\dimen110
\tagshift@=\dimen111
\tagwidth@=\dimen112
\totwidth@=\dimen113
\lineht@=\dimen114
\@envbody=\toks19
\multlinegap=\skip42
\multlinetaggap=\skip43
\mathdisplay@stack=\toks20
LaTeX Info: Redefining \[ on input line 2666.
LaTeX Info: Redefining \] on input line 2667.
)
Document Class 'sig-alternate' <23rd. May '12>. Modified by G.K.M. Tobin/Gerry 
Murray
Based in part upon document Style `acmconf' <22 May 89>. Hacked 4/91 by
shivers@cs.cmu.edu, 4/93 by theobald@cs.mcgill.ca
Excerpts were taken from (Journal Style) 'esub2acm.cls'.
****** Bugs/comments/suggestions/technicalities to Gerry Murray -- murray@hq.ac
m.org ******
Questions on the style, SIGS policies, etc. to Adrienne Griscti griscti@acm.org

\footheight=\dimen115
\@maxsep=\dimen116
\@dblmaxsep=\dimen117
\aucount=\count92
\originalaucount=\count93
\auwidth=\dimen118
\auskip=\dimen119
\auskipcount=\count94
\auskip=\dimen120
\allauboxes=\dimen121
\addauthors=\toks21
\addauflag=\count95
\subtitletext=\toks22
\savesection=\count96
\sectioncntr=\count97
\c@figure=\count98
\c@table=\count99
\titleboxnotes=\toks23
\titleboxnoteflag=\count100
Document Class: sig-alternate 2012/05/23 - V2.5 - based on acmproc.cls V1.3 <No
v. 30 '99>
(D:\OwnApplication_Chunbin\cTex\MiKTeX\tex\latex\base\latexsym.sty
Package: latexsym 1998/08/17 v2.2e Standard LaTeX package (lasy symbols)
\symlasy=\mathgroup6
LaTeX Font Info:    Overwriting symbol font `lasy' in version `bold'
(Font)                  U/lasy/m/n --> U/lasy/b/n on input line 47.
)
\@acmtitlebox=\box28
\titlenotecount=\count101
\tntoks=\toks24
\tntokstwo=\toks25
\tntoksthree=\toks26
\tntoksfour=\toks27
\tntoksfive=\toks28
\catcount=\count102
\copyrightnotice=\toks29
\conf=\toks30
\confinfo=\toks31
\c@part=\count103
\c@section=\count104
\c@subsection=\count105
\c@subsubsection=\count106
\c@paragraph=\count107

Using 'Abbrev' bibliography style
LaTeX Info: Redefining \cite on input line 1211.
\bibindent=\dimen122
\colcntr=\count108
\saveb@x=\box29
\copyrtyr=\toks32
\acmcopyr=\toks33
\boilerplate=\toks34
\copyrightetc=\toks35
(D:\OwnApplication_Chunbin\cTex\MiKTeX\tex\latex\base\fontenc.sty
Package: fontenc 2005/09/27 v1.99g Standard LaTeX package

(D:\OwnApplication_Chunbin\cTex\MiKTeX\tex\latex\base\t1enc.def
File: t1enc.def 2005/09/27 v1.99g Standard LaTeX file
LaTeX Font Info:    Redeclaring font encoding T1 on input line 43.
)
LaTeX Font Info:    Try loading font information for T1+aer on input line 100.

(D:\OwnApplication_Chunbin\cTex\MiKTeX\tex\latex\ae\t1aer.fd
File: t1aer.fd 1997/11/16 Font definitions for T1/aer.
)))
(D:\OwnApplication_Chunbin\cTex\MiKTeX\tex\latex\colortbl\colortbl.sty
Package: colortbl 2001/02/13 v0.1j Color table columns (DPC)

(D:\OwnApplication_Chunbin\cTex\MiKTeX\tex\latex\tools\array.sty
Package: array 2008/09/09 v2.4c Tabular extension package (FMi)
\col@sep=\dimen123
\extrarowheight=\dimen124
\NC@list=\toks36
\extratabsurround=\skip44
\backup@length=\skip45
)
(D:\OwnApplication_Chunbin\cTex\MiKTeX\tex\latex\graphics\color.sty
Package: color 2005/11/14 v1.0j Standard LaTeX Color (DPC)

(D:\OwnApplication_Chunbin\cTex\MiKTeX\tex\latex\00miktex\color.cfg
File: color.cfg 2007/01/18 v1.5 color configuration of teTeX/TeXLive
)
Package color Info: Driver file: pdftex.def on input line 130.
)
\everycr=\toks37
\minrowclearance=\skip46
)
(D:\OwnApplication_Chunbin\cTex\MiKTeX\tex\latex\caption\subcaption.sty
Package: subcaption 2011/10/30 v1.1c Sub-captions (AR)

(D:\OwnApplication_Chunbin\cTex\MiKTeX\tex\latex\caption\caption.sty
Package: caption 2011/11/10 v3.2e Customizing captions (AR)

(D:\OwnApplication_Chunbin\cTex\MiKTeX\tex\latex\caption\caption3.sty
Package: caption3 2011/11/01 v1.4a caption3 kernel (AR)
\captionmargin=\dimen125
\captionmargin@=\dimen126
\captionwidth=\dimen127
\caption@indent=\dimen128
\caption@parindent=\dimen129
\caption@hangindent=\dimen130
\abovecaptionskip=\skip47
\belowcaptionskip=\skip48
Package caption Info: Unknown document class (or package),
(caption)             standard defaults will be used.
)

Package caption Warning: Unsupported document class (or package) detected,
(caption)                usage of the caption package is not recommended.
See the caption package documentation for explanation.

Package caption Info: \@makecaption = \long macro:#1#2-> \vskip 10pt \setbox \@
tempboxa \hbox {\textbf {#1: #2}} \ifdim \wd \@tempboxa >\hsize \textbf {#1: #2
}\par \else \hbox to\hsize {\hfil \box \@tempboxa \hfil } \fi .
\c@ContinuedFloat=\count109
)
\c@subfigure=\count110
\c@subtable=\count111
) (D:\OwnApplication_Chunbin\cTex\MiKTeX\tex\latex\base\fixltx2e.sty
Package: fixltx2e 2006/09/13 v1.1m fixes to LaTeX
LaTeX Info: Redefining \em on input line 420.
LaTeX Info: The control sequence `\[' is already robust on input line 471.
LaTeX Info: The control sequence `\]' is already robust on input line 472.
)
(D:\OwnApplication_Chunbin\cTex\MiKTeX\tex\latex\booktabs\booktabs.sty
Package: booktabs 2005/04/14 v1.61803 publication quality tables
\heavyrulewidth=\dimen131
\lightrulewidth=\dimen132
\cmidrulewidth=\dimen133
\belowrulesep=\dimen134
\belowbottomsep=\dimen135
\aboverulesep=\dimen136
\abovetopsep=\dimen137
\cmidrulesep=\dimen138
\cmidrulekern=\dimen139
\defaultaddspace=\dimen140
\@cmidla=\count112
\@cmidlb=\count113
\@aboverulesep=\dimen141
\@belowrulesep=\dimen142
\@thisruleclass=\count114
\@lastruleclass=\count115
\@thisrulewidth=\dimen143
)
(D:\OwnApplication_Chunbin\cTex\MiKTeX\tex\latex\psnfss\times.sty
Package: times 2005/04/12 PSNFSS-v9.2a (SPQR) 
)
(D:\OwnApplication_Chunbin\cTex\MiKTeX\tex\latex\arydshln\arydshln.sty
Package: arydshln 2004/08/31 v1.71 
\dashlinedash=\dimen144
\dashlinegap=\dimen145
\adl@box=\box30
\adl@height=\dimen146
\adl@heightsave=\dimen147
\adl@depth=\dimen148
\adl@depthsave=\dimen149
\adl@finaldepth=\dimen150
\adl@columns=\count116
\adl@ncol=\count117
\adl@currentcolumn=\count118
\adl@currentcolumnsave=\count119
\adl@totalheight=\count120
\adl@totalheightsave=\count121
\adl@dash=\count122
\adl@gap=\count123
\adl@cla=\count124
\adl@clb=\count125
\adl@everyvbox=\toks38
\adl@LTpagetotal=\dimen151
)
(D:\OwnApplication_Chunbin\cTex\MiKTeX\tex\latex\tools\tabularx.sty
Package: tabularx 1999/01/07 v2.07 `tabularx' package (DPC)
\TX@col@width=\dimen152
\TX@old@table=\dimen153
\TX@old@col=\dimen154
\TX@target=\dimen155
\TX@delta=\dimen156
\TX@cols=\count126
\TX@ftn=\toks39
)
(D:\OwnApplication_Chunbin\cTex\MiKTeX\tex\latex\mdframed\mdframed.sty
Package: mdframed 2012/03/04 v1.4: mdframed

(D:\OwnApplication_Chunbin\cTex\MiKTeX\tex\latex\oberdiek\kvoptions.sty
Package: kvoptions 2010/12/23 v3.10 Keyval support for LaTeX options (HO)

(D:\OwnApplication_Chunbin\cTex\MiKTeX\tex\generic\oberdiek\kvsetkeys.sty
Package: kvsetkeys 2011/04/07 v1.13 Key value parser (HO)

(D:\OwnApplication_Chunbin\cTex\MiKTeX\tex\generic\oberdiek\etexcmds.sty
Package: etexcmds 2011/02/16 v1.5 Prefix for e-TeX command names (HO)

(D:\OwnApplication_Chunbin\cTex\MiKTeX\tex\generic\oberdiek\ifluatex.sty
Package: ifluatex 2010/03/01 v1.3 Provides the ifluatex switch (HO)
Package ifluatex Info: LuaTeX not detected.
)
Package etexcmds Info: Could not find \expanded.
(etexcmds)             That can mean that you are not using pdfTeX 1.50 or
(etexcmds)             that some package has redefined \expanded.
(etexcmds)             In the latter case, load this package earlier.
)))
(D:\OwnApplication_Chunbin\cTex\MiKTeX\tex\latex\l3packages\xparse\xparse.sty
(D:\OwnApplication_Chunbin\cTex\MiKTeX\tex\latex\l3kernel\expl3.sty
(D:\OwnApplication_Chunbin\cTex\MiKTeX\tex\latex\l3kernel\l3names.sty
(D:\OwnApplication_Chunbin\cTex\MiKTeX\tex\latex\l3kernel\l3bootstrap.sty
Package: l3bootstrap 2011/12/29 v3110 L3 Experimental bootstrap code
)
Package: l3names 2011/12/30 v3113 L3 Experimental namespace for primitives
)
(D:\OwnApplication_Chunbin\cTex\MiKTeX\tex\latex\misc\etex.sty
Package: etex 1998/03/26 v2.0 eTeX basic definition package (PEB)
\et@xins=\count127
)
Package: expl3 2012/02/26 v3471 L3 Experimental code bundle wrapper

(D:\OwnApplication_Chunbin\cTex\MiKTeX\tex\latex\l3kernel\l3basics.sty
Package: l3basics 2012/02/26 v3460 L3 Experimental basic definitions
)
(D:\OwnApplication_Chunbin\cTex\MiKTeX\tex\latex\l3kernel\l3expan.sty
Package: l3expan 2012/02/26 v3460 L3 Experimental argument expansion
)
(D:\OwnApplication_Chunbin\cTex\MiKTeX\tex\latex\l3kernel\l3tl.sty
Package: l3tl 2012/02/26 v3460 L3 Experimental token lists
)
(D:\OwnApplication_Chunbin\cTex\MiKTeX\tex\latex\l3kernel\l3seq.sty
Package: l3seq 2012/01/09 v3158 L3 Experimental sequences and stacks
)
(D:\OwnApplication_Chunbin\cTex\MiKTeX\tex\latex\l3kernel\l3int.sty
Package: l3int 2012/02/26 v3460 L3 Experimental integers
\c_max_int=\count128
\l_tmpa_int=\count129
\l_tmpb_int=\count130
\l_tmpc_int=\count131
\g_tmpa_int=\count132
\g_tmpb_int=\count133
)
(D:\OwnApplication_Chunbin\cTex\MiKTeX\tex\latex\l3kernel\l3quark.sty
Package: l3quark 2012/02/12 v3384 L3 Experimental quarks
)
(D:\OwnApplication_Chunbin\cTex\MiKTeX\tex\latex\l3kernel\l3prg.sty
Package: l3prg 2012/02/26 v3464 L3 Experimental control structures
\g_prg_map_int=\count134
)
(D:\OwnApplication_Chunbin\cTex\MiKTeX\tex\latex\l3kernel\l3clist.sty
Package: l3clist 2012/02/26 v3460 L3 Experimental comma separated lists
)
(D:\OwnApplication_Chunbin\cTex\MiKTeX\tex\latex\l3kernel\l3token.sty
Package: l3token 2012/02/26 v3460 L3 Experimental token manipulation
)
(D:\OwnApplication_Chunbin\cTex\MiKTeX\tex\latex\l3kernel\l3prop.sty
Package: l3prop 2012/02/26 v3460 L3 Experimental property lists
)
(D:\OwnApplication_Chunbin\cTex\MiKTeX\tex\latex\l3kernel\l3msg.sty
Package: l3msg 2012/02/26 v3470 L3 Experimental messages
)
(D:\OwnApplication_Chunbin\cTex\MiKTeX\tex\latex\l3kernel\l3file.sty
Package: l3file 2012/02/26 v3464 L3 Experimental file and I/O operations
\l_iow_stream_int=\count135
\l_iow_line_length_int=\count136
\l_iow_target_length_int=\count137
\l_iow_current_line_int=\count138
\l_iow_current_word_int=\count139
\l_iow_current_indentation_int=\count140
)
(D:\OwnApplication_Chunbin\cTex\MiKTeX\tex\latex\l3kernel\l3skip.sty
Package: l3skip 2012/02/26 v3460 L3 Experimental dimensions and skips
\l_tmpa_dim=\dimen157
\l_tmpb_dim=\dimen158
\l_tmpc_dim=\dimen159
\g_tmpa_dim=\dimen160
\g_tmpb_dim=\dimen161
\l_tmpa_skip=\skip49
\l_tmpb_skip=\skip50
\l_tmpc_skip=\skip51
\g_tmpa_skip=\skip52
\g_tmpb_skip=\skip53
)
(D:\OwnApplication_Chunbin\cTex\MiKTeX\tex\latex\l3kernel\l3keys.sty
Package: l3keys 2011/12/22 v3086 L3 Experimental key-value interfaces
\g_keyval_level_int=\count141
\l_keys_choice_int=\count142
)
(D:\OwnApplication_Chunbin\cTex\MiKTeX\tex\latex\l3kernel\l3fp.sty
Package: l3fp 2012/02/06 v3315 L3 Experimental floating-point operations
\c_one_million=\count143
\c_one_hundred_million=\count144
\c_five_hundred_million=\count145
\c_one_thousand_million=\count146
\c_fp_pi_by_four_decimal_int=\count147
\c_fp_pi_by_four_extended_int=\count148
\c_fp_pi_decimal_int=\count149
\c_fp_pi_extended_int=\count150
\c_fp_two_pi_decimal_int=\count151
\c_fp_two_pi_extended_int=\count152
\l_fp_count_int=\count153
\l_fp_div_offset_int=\count154
\l_fp_exp_integer_int=\count155
\l_fp_exp_decimal_int=\count156
\l_fp_exp_extended_int=\count157
\l_fp_exp_exponent_int=\count158
\l_fp_input_a_sign_int=\count159
\l_fp_input_a_integer_int=\count160
\l_fp_input_a_decimal_int=\count161
\l_fp_input_a_exponent_int=\count162
\l_fp_input_b_sign_int=\count163
\l_fp_input_b_integer_int=\count164
\l_fp_input_b_decimal_int=\count165
\l_fp_input_b_exponent_int=\count166
\l_fp_input_a_extended_int=\count167
\l_fp_input_b_extended_int=\count168
\l_fp_mul_a_i_int=\count169
\l_fp_mul_a_ii_int=\count170
\l_fp_mul_a_iii_int=\count171
\l_fp_mul_a_iv_int=\count172
\l_fp_mul_a_v_int=\count173
\l_fp_mul_a_vi_int=\count174
\l_fp_mul_b_i_int=\count175
\l_fp_mul_b_ii_int=\count176
\l_fp_mul_b_iii_int=\count177
\l_fp_mul_b_iv_int=\count178
\l_fp_mul_b_v_int=\count179
\l_fp_mul_b_vi_int=\count180
\l_fp_mul_output_int=\count181
\l_fp_output_sign_int=\count182
\l_fp_output_integer_int=\count183
\l_fp_output_decimal_int=\count184
\l_fp_output_exponent_int=\count185
\l_fp_output_extended_int=\count186
\l_fp_round_position_int=\count187
\l_fp_round_target_int=\count188
\l_fp_split_sign_int=\count189
\l_fp_internal_int=\count190
\l_fp_trig_octant_int=\count191
\l_fp_trig_sign_int=\count192
\l_fp_trig_decimal_int=\count193
\l_fp_trig_extended_int=\count194
\l_fp_internal_dim=\dimen162
\l_fp_internal_skip=\skip54
)
(D:\OwnApplication_Chunbin\cTex\MiKTeX\tex\latex\l3kernel\l3box.sty
Package: l3box 2012/02/18 v3432 L3 Experimental boxes
\l_tmpb_box=\box31
\l_box_top_dim=\dimen163
\l_box_bottom_dim=\dimen164
\l_box_left_dim=\dimen165
\l_box_right_dim=\dimen166
\l_box_top_new_dim=\dimen167
\l_box_bottom_new_dim=\dimen168
\l_box_left_new_dim=\dimen169
\l_box_right_new_dim=\dimen170
\l_box_internal_box=\box32
)
(D:\OwnApplication_Chunbin\cTex\MiKTeX\tex\latex\l3kernel\l3coffins.sty
Package: l3coffins 2012/02/26 v3460 L3 Experimental coffin code layer
\l_coffin_internal_box=\box33
\l_coffin_internal_dim=\dimen171
\l_coffin_offset_x_dim=\dimen172
\l_coffin_offset_y_dim=\dimen173
\l_coffin_x_dim=\dimen174
\l_coffin_y_dim=\dimen175
\l_coffin_x_prime_dim=\dimen176
\l_coffin_y_prime_dim=\dimen177
\l_coffin_Depth_dim=\dimen178
\l_coffin_Height_dim=\dimen179
\l_coffin_TotalHeight_dim=\dimen180
\l_coffin_Width_dim=\dimen181
\c_empty_coffin=\box34
\l_coffin_aligned_coffin=\box35
\l_coffin_aligned_internal_coffin=\box36
\l_coffin_bounding_shift_dim=\dimen182
\l_coffin_left_corner_dim=\dimen183
\l_coffin_right_corner_dim=\dimen184
\l_coffin_bottom_corner_dim=\dimen185
\l_coffin_top_corner_dim=\dimen186
\l_coffin_scaled_total_height_dim=\dimen187
\l_coffin_scaled_width_dim=\dimen188
\l_coffin_display_coffin=\box37
\l_coffin_display_coord_coffin=\box38
\l_coffin_display_pole_coffin=\box39
\l_coffin_display_offset_dim=\dimen189
\l_coffin_display_x_dim=\dimen190
\l_coffin_display_y_dim=\dimen191
)
(D:\OwnApplication_Chunbin\cTex\MiKTeX\tex\latex\l3kernel\l3color.sty
Package: l3color 2011/09/07 v2776 L3 Experimental colour support
)
(D:\OwnApplication_Chunbin\cTex\MiKTeX\tex\latex\l3kernel\l3luatex.sty
Package: l3luatex 2012/02/09 v3355 L3 Experimental LuaTeX-specific functions
\g_cctab_allocate_int=\count195
\g_cctab_stack_int=\count196
))
Package: xparse 2012/02/26 v3471 L3 Experimental document command parser
\l_xparse_current_arg_int=\count197
\l_xparse_m_args_int=\count198
\l_xparse_mandatory_args_int=\count199
\l_xparse_processor_int=\count200
\l_xparse_v_nesting_int=\count201
)
(D:\OwnApplication_Chunbin\cTex\MiKTeX\tex\latex\etoolbox\etoolbox.sty
Package: etoolbox 2011/01/03 v2.1 e-TeX tools for LaTeX
Normal \count register pool exhausted, switching to extended pool.
\etb@tempcnta=\count277
)
(D:\OwnApplication_Chunbin\cTex\MiKTeX\tex\latex\oberdiek\zref-abspage.sty
Package: zref-abspage 2011/03/18 v2.21 Module abspage for zref (HO)

(D:\OwnApplication_Chunbin\cTex\MiKTeX\tex\latex\oberdiek\zref-base.sty
Package: zref-base 2011/03/18 v2.21 Module base for zref (HO)

(D:\OwnApplication_Chunbin\cTex\MiKTeX\tex\generic\oberdiek\kvdefinekeys.sty
Package: kvdefinekeys 2011/04/07 v1.3 Defining keys (HO)
)
(D:\OwnApplication_Chunbin\cTex\MiKTeX\tex\generic\oberdiek\pdftexcmds.sty
Package: pdftexcmds 2011/04/22 v0.16 Utilities of pdfTeX for LuaTeX (HO)

(D:\OwnApplication_Chunbin\cTex\MiKTeX\tex\generic\oberdiek\ifpdf.sty
Package: ifpdf 2011/01/30 v2.3 Provides the ifpdf switch (HO)
Package ifpdf Info: pdfTeX in PDF mode is detected.
)
Package pdftexcmds Info: LuaTeX not detected.
Package pdftexcmds Info: \pdf@primitive is available.
Package pdftexcmds Info: \pdf@ifprimitive is available.
Package pdftexcmds Info: \pdfdraftmode found.
)
(D:\OwnApplication_Chunbin\cTex\MiKTeX\tex\latex\oberdiek\auxhook.sty
Package: auxhook 2011/03/04 v1.3 Hooks for auxiliary files (HO)
)
Package zref Info: New property list: main on input line 707.
Package zref Info: New property: default on input line 708.
Package zref Info: New property: page on input line 709.
)
(D:\OwnApplication_Chunbin\cTex\MiKTeX\tex\generic\oberdiek\atbegshi.sty
Package: atbegshi 2011/01/30 v1.15 At begin shipout hook (HO)
)
\c@abspage=\count278
Package zref Info: New property: abspage on input line 62.
)
\mdf@templength=\skip55
\c@mdf@globalstyle@cnt=\count279
\mdf@skipabove@length=\skip56
\mdf@skipbelow@length=\skip57
\mdf@leftmargin@length=\skip58
\mdf@rightmargin@length=\skip59
\mdf@innerleftmargin@length=\skip60
\mdf@innerrightmargin@length=\skip61
\mdf@innertopmargin@length=\skip62
\mdf@innerbottommargin@length=\skip63
\mdf@splittopskip@length=\skip64
\mdf@splitbottomskip@length=\skip65
\mdf@outermargin@length=\skip66
\mdf@innermargin@length=\skip67
\mdf@linewidth@length=\skip68
\mdf@innerlinewidth@length=\skip69
\mdf@middlelinewidth@length=\skip70
\mdf@outerlinewidth@length=\skip71
\mdf@roundcorner@length=\skip72
\mdf@footenotedistance@length=\skip73
\mdf@userdefinedwidth@length=\skip74
\mdf@frametitleaboveskip@length=\skip75
\mdf@frametitlebelowskip@length=\skip76
\mdf@frametitlerulewidth@length=\skip77
\mdf@frametitleleftmargin@length=\skip78
\mdf@frametitlerightmargin@length=\skip79
\mdf@shadowsize@length=\skip80
\mdf@frametitlebox=\box40
\mdf@footnotebox=\box41
\mdf@splitbox@one=\box42
\mdf@splitbox@two=\box43
\mdfsplitboxwidth=\skip81
\mdfsplitboxtotalwidth=\skip82
\mdfsplitboxheight=\skip83
\mdfsplitboxdepth=\skip84
\mdfsplitboxtotalheight=\skip85
\mdfframetitleboxwidth=\skip86
\mdfframetitleboxtotalwidth=\skip87
\mdfframetitleboxheight=\skip88
\mdfframetitleboxdepth=\skip89
\mdfframetitleboxtotalheight=\skip90
\mdffootnoteboxwidth=\skip91
\mdffootnoteboxtotalwidth=\skip92
\mdffootnoteboxheight=\skip93
\mdffootnoteboxdepth=\skip94
\mdffootnoteboxtotalheight=\skip95
\mdftotallinewidth=\skip96
\mdfboundingboxwidth=\skip97
\mdfboundingboxtotalwidth=\skip98
\mdfboundingboxheight=\skip99
\mdfboundingboxdepth=\skip100
\mdfboundingboxtotalheight=\skip101
\mdf@freevspace@length=\skip102
\mdf@horizontalwidthofbox@length=\skip103
\mdf@verticalmarginwhole@length=\skip104
.................................................
. LaTeX info: "xparse/define-command"
. 
. Defining document command \newmdtheoremenv with arg. spec. 'O{} m o m o ' on
. line 483.
.................................................
.................................................
. LaTeX info: "xparse/define-command"
. 
. Defining document command \mdtheorem with arg. spec. ' O{} m o m o ' on line
. 563.
.................................................

(D:\OwnApplication_Chunbin\cTex\MiKTeX\tex\latex\mdframed\md-frame-0.mdf
File: md-frame-0.mdf 2012/03/04 v1.4: md-frame-0
)
\c@mdf@zref@counter=\count280
Package zref Info: New property: mdf@pagevalue on input line 764.
\mdf@horizontalspaceofbox=\skip105
)
(D:\OwnApplication_Chunbin\cTex\MiKTeX\tex\latex\algorithm2e\algorithm2e.sty
Package: algorithm2e 2008/00/00 v3.10 algorithms environments
\c@AlgoLine=\count281

(D:\OwnApplication_Chunbin\cTex\MiKTeX\tex\latex\base\ifthen.sty
Package: ifthen 2001/05/26 v1.1c Standard LaTeX ifthen package (DPC)
)
(D:\OwnApplication_Chunbin\cTex\MiKTeX\tex\latex\tools\xspace.sty
Package: xspace 2009/10/20 v1.13 Space after command names (DPC,MH)
)
(D:\OwnApplication_Chunbin\cTex\MiKTeX\tex\latex\ltxmisc\relsize.sty
Package: relsize 2003/07/04 ver 3.1


Package relsize Warning: Failed to get list of font sizes.
(relsize)                Falling back to old definition. on input line 81.

)
********************************************************
Package `algorithm2e' Release 4.01 -- december 14 2009 --
- algorithm2e-announce@lirmm.fr mailing list for announcement about releases
- algorithm2e-discussion@lirmm.fr mailing list for discussion about package
subscribe by emailing sympa@lirmm.fr with 'subscribe <list> <firstname name>'
- Author: Christophe Fiorio (fiorio@lirmm.fr)
********************************************************
\skiptotal=\skip106
\skiplinenumber=\skip107
\skiprule=\skip108
\skiphlne=\skip109
\skiptext=\skip110
\skiplength=\skip111
\algomargin=\skip112
\skipalgocfslide=\skip113
\algowidth=\dimen192
\inoutsize=\dimen193
\inoutline=\dimen194
\interspacetitleruled=\dimen195
\interspacealgoruled=\dimen196
\interspacetitleboxruled=\dimen197
\algocf@inoutbox=\box44
\algocf@inputbox=\box45
\AlCapSkip=\skip114
\AlCapHSkip=\skip115
\algocf@nlbox=\box46
\algocf@hangingbox=\box47
\algocf@capbox=\box48
\algoheightruledefault=\skip116
\algoheightrule=\skip117
\algotitleheightruledefault=\skip118
\algotitleheightrule=\skip119
\c@algocfline=\count282
\c@algocfproc=\count283
\c@algocf=\count284
\algocf@algoframe=\box49
\algocf@algobox=\box50
) (D:\UCSD\2015-winter\221\project\Projects\preamble.tex
(D:\OwnApplication_Chunbin\cTex\MiKTeX\tex\latex\fancyvrb\fancyvrb.sty
Package: fancyvrb 2008/02/07

Style option: `fancyvrb' v2.7a, with DG/SPQR fixes, and firstline=lastline fix 
<2008/02/07> (tvz)
\FV@CodeLineNo=\count285
\FV@InFile=\read1
\FV@TabBox=\box51
\c@FancyVerbLine=\count286
\FV@StepNumber=\count287
\FV@OutFile=\write3
)
\c@copyrightbox=\count288

(D:\OwnApplication_Chunbin\cTex\MiKTeX\tex\latex\float\float.sty
Package: float 2001/11/08 v1.3d Float enhancements (AL)
\c@float@type=\count289
\float@exts=\toks40
\float@box=\box52
\@float@everytoks=\toks41
\@floatcapt=\box53
)
(D:\OwnApplication_Chunbin\cTex\MiKTeX\tex\latex\framed\framed.sty
Package: framed 2007/10/04 v 0.95: framed or shaded text with page breaks
\fb@frw=\dimen198
\fb@frh=\dimen199
\FrameRule=\dimen200
\FrameSep=\dimen201
)
(D:\OwnApplication_Chunbin\cTex\MiKTeX\tex\latex\multirow\multirow.sty
Normal \dimen register pool exhausted, switching to extended pool.
\bigstrutjot=\dimen256
)
(D:\OwnApplication_Chunbin\cTex\MiKTeX\tex\latex\preprint\balance.sty
Package: balance 1999/02/23 4.3 (PWD)
\oldvsize=\dimen257
)
(D:\OwnApplication_Chunbin\cTex\MiKTeX\tex\latex\optional\optional.sty
Package: optional 2005/01/26 ver 2.2b;  Optional inclusion/omission
)
(D:\OwnApplication_Chunbin\cTex\MiKTeX\tex\latex\xcolor\xcolor.sty
Package: xcolor 2007/01/21 v2.11 LaTeX color extensions (UK)

(D:\OwnApplication_Chunbin\cTex\MiKTeX\tex\latex\00miktex\color.cfg
File: color.cfg 2007/01/18 v1.5 color configuration of teTeX/TeXLive
)
Package xcolor Info: Driver file: pdftex.def on input line 225.
LaTeX Info: Redefining \color on input line 702.
\rownum=\count290
Package xcolor Info: Model `cmy' substituted by `cmy0' on input line 1337.
Package xcolor Info: Model `hsb' substituted by `rgb' on input line 1341.
Package xcolor Info: Model `RGB' extended on input line 1353.
Package xcolor Info: Model `HTML' substituted by `rgb' on input line 1355.
Package xcolor Info: Model `Hsb' substituted by `hsb' on input line 1356.
Package xcolor Info: Model `tHsb' substituted by `hsb' on input line 1357.
Package xcolor Info: Model `HSB' substituted by `hsb' on input line 1358.
Package xcolor Info: Model `Gray' substituted by `gray' on input line 1359.
Package xcolor Info: Model `wave' substituted by `hsb' on input line 1360.
)
(D:\OwnApplication_Chunbin\cTex\MiKTeX\tex\latex\soul\soul.sty
Package: soul 2003/11/17 v2.4 letterspacing/underlining (mf)
\SOUL@word=\toks42
\SOUL@lasttoken=\toks43
\SOUL@cmds=\toks44
\SOUL@buffer=\toks45
\SOUL@token=\toks46
\SOUL@spaceskip=\skip120
\SOUL@ttwidth=\dimen258
\SOUL@uldp=\dimen259
\SOUL@ulht=\dimen260
)
(D:\OwnApplication_Chunbin\cTex\MiKTeX\tex\latex\ulem\ulem.sty
\UL@box=\box54
\UL@hyphenbox=\box55
\UL@skip=\skip121
\UL@hook=\toks47
\UL@height=\dimen261
\UL@pe=\count291
\UL@pixel=\dimen262
\ULC@box=\box56
Package: ulem 2011/03/18
\ULdepth=\dimen263
)
(D:\OwnApplication_Chunbin\cTex\MiKTeX\tex\latex\hyperref\hyperref.sty
Package: hyperref 2012/02/06 v6.82o Hypertext links for LaTeX

(D:\OwnApplication_Chunbin\cTex\MiKTeX\tex\generic\oberdiek\hobsub-hyperref.sty
Package: hobsub-hyperref 2011/04/23 v1.4 Bundle oberdiek, subset hyperref (HO)
(D:\OwnApplication_Chunbin\cTex\MiKTeX\tex\generic\oberdiek\hobsub-generic.sty
Package: hobsub-generic 2011/04/23 v1.4 Bundle oberdiek, subset generic (HO)
Package: hobsub 2011/04/23 v1.4 Subsetting bundle oberdiek (HO)
Package hobsub Info: Skipping package `infwarerr' (already loaded).
Package hobsub Info: Skipping package `ltxcmds' (already loaded).
Package hobsub Info: Skipping package `ifluatex' (already loaded).
Package: ifvtex 2010/03/01 v1.5 Switches for detecting VTeX and its modes (HO)
Package ifvtex Info: VTeX not detected.
Package: intcalc 2007/09/27 v1.1 Expandable integer calculations (HO)
Package hobsub Info: Skipping package `ifpdf' (already loaded).
Package hobsub Info: Skipping package `etexcmds' (already loaded).
Package hobsub Info: Skipping package `kvsetkeys' (already loaded).
Package hobsub Info: Skipping package `kvdefinekeys' (already loaded).
Package hobsub Info: Skipping package `pdftexcmds' (already loaded).
Package: pdfescape 2011/04/04 v1.12 Provides string conversions (HO)
Package: bigintcalc 2011/01/30 v1.2 Expandable big integer calculations (HO)
Package: bitset 2011/01/30 v1.1 Data type bit set (HO)
Package: uniquecounter 2011/01/30 v1.2 Provides unlimited unique counter (HO)
)
Package hobsub Info: Skipping package `hobsub' (already loaded).
Package: letltxmacro 2010/09/02 v1.4 Let assignment for LaTeX macros (HO)
Package: hopatch 2011/01/30 v1.0 Wrapper for package hooks (HO)
Package: xcolor-patch 2011/01/30 xcolor patch
Package: atveryend 2011/04/23 v1.7 Hooks at very end of document (HO)
Package hobsub Info: Skipping package `atbegshi' (already loaded).
Package: refcount 2010/12/01 v3.2 Data extraction from references (HO)
Package: hycolor 2011/01/30 v1.7 Color options of hyperref/bookmark (HO)
) (D:\OwnApplication_Chunbin\cTex\MiKTeX\tex\generic\ifxetex\ifxetex.sty
Package: ifxetex 2010/09/12 v0.6 Provides ifxetex conditional
)
\@linkdim=\dimen264
\Hy@linkcounter=\count292
\Hy@pagecounter=\count293

(D:\OwnApplication_Chunbin\cTex\MiKTeX\tex\latex\hyperref\pd1enc.def
File: pd1enc.def 2012/02/06 v6.82o Hyperref: PDFDocEncoding definition (HO)
)
\Hy@SavedSpaceFactor=\count294

(D:\OwnApplication_Chunbin\cTex\MiKTeX\tex\latex\00miktex\hyperref.cfg
File: hyperref.cfg 2002/06/06 v1.2 hyperref configuration of TeXLive
)
Package hyperref Info: Hyper figures OFF on input line 4046.
Package hyperref Info: Link nesting OFF on input line 4051.
Package hyperref Info: Hyper index ON on input line 4054.
Package hyperref Info: Plain pages OFF on input line 4061.
Package hyperref Info: Backreferencing OFF on input line 4066.
Package hyperref Info: Implicit mode ON; LaTeX internals redefined.
Package hyperref Info: Bookmarks ON on input line 4284.
\c@Hy@tempcnt=\count295

(D:\OwnApplication_Chunbin\cTex\MiKTeX\tex\latex\ltxmisc\url.sty
\Urlmuskip=\muskip11
Package: url 2006/04/12  ver 3.3  Verb mode for urls, etc.
)
LaTeX Info: Redefining \url on input line 4637.
\Fld@menulength=\count296
\Field@Width=\dimen265
\Fld@charsize=\dimen266
Package hyperref Info: Hyper figures OFF on input line 5757.
Package hyperref Info: Link nesting OFF on input line 5762.
Package hyperref Info: Hyper index ON on input line 5765.
Package hyperref Info: backreferencing OFF on input line 5772.
Package hyperref Info: Link coloring OFF on input line 5777.
Package hyperref Info: Link coloring with OCG OFF on input line 5782.
Package hyperref Info: PDF/A mode OFF on input line 5787.
LaTeX Info: Redefining \ref on input line 5827.
LaTeX Info: Redefining \pageref on input line 5831.


Package hyperref Warning: Option `pdfpagelabels' is turned off
(hyperref)                because \thepage is undefined.

\c@Item=\count297
\c@Hfootnote=\count298
)

Package hyperref Message: Driver (autodetected): hpdftex.

(D:\OwnApplication_Chunbin\cTex\MiKTeX\tex\latex\hyperref\hpdftex.def
File: hpdftex.def 2012/02/06 v6.82o Hyperref driver for pdfTeX
\Fld@listcount=\count299
\c@bookmark@seq@number=\count300

(D:\OwnApplication_Chunbin\cTex\MiKTeX\tex\latex\oberdiek\rerunfilecheck.sty
Package: rerunfilecheck 2011/04/15 v1.7 Rerun checks for auxiliary files (HO)
Package uniquecounter Info: New unique counter `rerunfilecheck' on input line 2
82.
)
\Hy@SectionHShift=\skip122
)) (D:\UCSD\2015-winter\221\project\Projects\commentary-public.sty)
\c@base=\count301
\c@example=\count302

(D:\UCSD\2015-winter\221\project\Projects\CSE221.aux)
LaTeX Font Info:    Checking defaults for OML/cmm/m/it on input line 34.
LaTeX Font Info:    ... okay on input line 34.
LaTeX Font Info:    Checking defaults for T1/cmr/m/n on input line 34.
LaTeX Font Info:    ... okay on input line 34.
LaTeX Font Info:    Checking defaults for OT1/cmr/m/n on input line 34.
LaTeX Font Info:    ... okay on input line 34.
LaTeX Font Info:    Checking defaults for OMS/cmsy/m/n on input line 34.
LaTeX Font Info:    ... okay on input line 34.
LaTeX Font Info:    Checking defaults for OMX/cmex/m/n on input line 34.
LaTeX Font Info:    ... okay on input line 34.
LaTeX Font Info:    Checking defaults for U/cmr/m/n on input line 34.
LaTeX Font Info:    ... okay on input line 34.
LaTeX Font Info:    Checking defaults for PD1/pdf/m/n on input line 34.
LaTeX Font Info:    ... okay on input line 34.
LaTeX Font Info:    Try loading font information for T1+ptm on input line 34.

(D:\OwnApplication_Chunbin\cTex\MiKTeX\tex\latex\psnfss\t1ptm.fd
File: t1ptm.fd 2001/06/04 font definitions for T1/ptm.
)
(D:\OwnApplication_Chunbin\cTex\MiKTeX\tex\context\base\supp-pdf.mkii
[Loading MPS to PDF converter (version 2006.09.02).]
\scratchcounter=\count303
\scratchdimen=\dimen267
\scratchbox=\box57
\nofMPsegments=\count304
\nofMParguments=\count305
\everyMPshowfont=\toks48
\MPscratchCnt=\count306
\MPscratchDim=\dimen268
\MPnumerator=\count307
\makeMPintoPDFobject=\count308
\everyMPtoPDFconversion=\toks49
)
Package caption Info: Begin \AtBeginDocument code.
Package caption Info: float package is loaded.
Package caption Info: hyperref package is loaded.
Package caption Info: End \AtBeginDocument code.
\AtBeginShipoutBox=\box58

Using optional text marked with conference. 

Package hyperref Warning: Height of page (\paperheight) is invalid (0.0pt),
(hyperref)                using 11in.

Package hyperref Info: Link coloring OFF on input line 34.
(D:\OwnApplication_Chunbin\cTex\MiKTeX\tex\latex\hyperref\nameref.sty
Package: nameref 2010/04/30 v2.40 Cross-referencing by name of section

(D:\OwnApplication_Chunbin\cTex\MiKTeX\tex\generic\oberdiek\gettitlestring.sty
Package: gettitlestring 2010/12/03 v1.4 Cleanup title references (HO)
)
\c@section@level=\count309
)
LaTeX Info: Redefining \ref on input line 34.
LaTeX Info: Redefining \pageref on input line 34.
LaTeX Info: Redefining \nameref on input line 34.
 (D:\UCSD\2015-winter\221\project\Projects\CSE221.out)
(D:\UCSD\2015-winter\221\project\Projects\CSE221.out)
\@outlinefile=\write4
LaTeX Font Info:    Try loading font information for U+msa on input line 40.

(D:\OwnApplication_Chunbin\cTex\MiKTeX\tex\latex\amsfonts\umsa.fd
File: umsa.fd 2009/06/22 v3.00 AMS symbols A
)
LaTeX Font Info:    Try loading font information for U+msb on input line 40.

(D:\OwnApplication_Chunbin\cTex\MiKTeX\tex\latex\amsfonts\umsb.fd
File: umsb.fd 2009/06/22 v3.00 AMS symbols B
)
LaTeX Font Info:    Try loading font information for U+lasy on input line 40.

(D:\OwnApplication_Chunbin\cTex\MiKTeX\tex\latex\base\ulasy.fd
File: ulasy.fd 1998/08/17 v2.2e LaTeX symbol font definitions
)
(D:\UCSD\2015-winter\221\project\Projects\project_1.tex
LaTeX Font Info:    Font shape `T1/ptm/bx/n' in size <9> not available
(Font)              Font shape `T1/ptm/b/n' tried instead on input line 14.


LaTeX Warning: Reference `tab:pc' on page \thepage  undefined on input line 14.



Overfull \hbox (9.30597pt too wide) in paragraph at lines 14--17
\T1/ptm/m/n/9 the sys-tem, which is char-ac-ter-ized in Ta-ble []. This is a $\
OML/cmm/m/it/9 LenovoY\OT1/cmr/m/n/9 400$
 []

<figs/Machine_Description.pdf, id=20, 426.73509pt x 247.64922pt>
File: figs/Machine_Description.pdf Graphic file (type pdf)

<use figs/Machine_Description.pdf>
Package pdftex.def Info: figs/Machine_Description.pdf used on input line 28.
(pdftex.def)             Requested size: 252.0pt x 146.24779pt.

Overfull \hbox (12.0pt too wide) in paragraph at lines 28--29
 [][] 
 []


Overfull \hbox (2.20491pt too wide) in paragraph at lines 33--33
[]\secfnt CPU, SCHEDUL-ING, AND OS SER-VICES 
 []


Overfull \hbox (2.28699pt too wide) in paragraph at lines 37--38
[]\T1/ptm/m/n/9 How much over-head a s-in-gle ex-per-i-men-tal mea-sure-men-t c
ost-
 []

[1{D:/OwnApplication_Chunbin/cTex/UserData/pdftex/config/pdftex.map{Unicode.sfd
}{UGBK.sfd}}


 <D:/UCSD/2015-winter/221/project/Projects/figs/Machine_Description.pdf>]
Package atveryend Info: Empty hook `BeforeClearDocument' on input line 44.
pdfTeX warning (ext4): destination with the same identifier (name{page.}) has b
een already used, duplicate ignored
<to be read again> 
                   \relax 
l.44 \end{document}
                    [2

]
Package atveryend Info: Empty hook `AfterLastShipout' on input line 44.
 (D:\UCSD\2015-winter\221\project\Projects\CSE221.aux)
Package atveryend Info: Empty hook `AtVeryEndDocument' on input line 44.
Package atveryend Info: Executing hook `AtEndAfterFileList' on input line 44.
Package rerunfilecheck Info: File `CSE221.out' has not changed.
(rerunfilecheck)             Checksum: 7E5C93D26F5F05D48292A8D63390E49D;238.


LaTeX Warning: There were undefined references.

 ) ) 
Here is how much of TeX's memory you used:
 15446 strings out of 495354
 243396 string characters out of 3182571
 363246 words of memory out of 3000000
 18321 multiletter control sequences out of 15000+200000
 49007 words of font info for 60 fonts, out of 3000000 for 9000
 14 hyphenation exceptions out of 8191
 42i,10n,40p,1058b,387s stack positions out of 5000i,500n,10000p,200000b,50000s
{D:/OwnApplication_Chunbin/cTex/MiKTeX/fonts/enc/dvips/fontname/8r.enc}<D:/
OwnApplication_Chunbin/cTex/MiKTeX/fonts/type1/public/amsfonts/cm/cmmi9.pfb><D:
/OwnApplication_Chunbin/cTex/MiKTeX/fonts/type1/public/amsfonts/cm/cmr9.pfb><D:
/OwnApplication_Chunbin/cTex/MiKTeX/fonts/type1/public/amsfonts/cm/cmsy9.pfb><D
:/OwnApplication_Chunbin/cTex/MiKTeX/fonts/type1/urw/helvetic/uhvb8a.pfb><D:/Ow
nApplication_Chunbin/cTex/MiKTeX/fonts/type1/urw/helvetic/uhvr8a.pfb><D:/OwnApp
lication_Chunbin/cTex/MiKTeX/fonts/type1/urw/times/utmb8a.pfb><D:/OwnApplicatio
n_Chunbin/cTex/MiKTeX/fonts/type1/urw/times/utmr8a.pfb><D:/OwnApplication_Chunb
in/cTex/MiKTeX/fonts/type1/urw/times/utmri8a.pfb>
Output written on CSE221.pdf (2 pages, 102610 bytes).
PDF statistics:
 79 PDF objects out of 1000 (max. 8388607)
 9 named destinations out of 1000 (max. 500000)
 38 words of extra memory for PDF output out of 10000 (max. 10000000)

